
Start time: 13/2/2023 15:17:14


>> G E N E R A L   P A R A M E T E R S <<


3D analysis
Mesh2HRTF 1.0.0-dev
scattering coefficient Sample

Number of frequency steps ................... = 3

First step .................................. = 0
Number of steps ............................. = 3
Step increment .............................. = 1e-06
Highest allowable frequency .................. = 7512.75



>> B A S I C   P A R A M E T E R S   F O R   B E M <<

Number of element groups .................... = 2
Total number of elements .................... = 33348
Number of boundary elements ................. = 30902
Number of evaluation elements ............... = 2446
Maximum edge length of boundary elements .... = 0.0194622
Average edge length of boundary elements .... = 0.0102672
Minimum edge length of boundary elements .... = 0.00369176

Total number of nodes ....................... = 16678
Number of nodes of the boundary elements .... = 15453
Number of nodes of the evaluation elements .. = 1225

Number of symmetric planes .................. = 0

Number of incident plane waves .............. = 0
Number of incident spharic waves ............ = 1

Sound speed ................................. = 346.18
Density of the medium ....................... = 1.1839

Diameter of the BE-mesh ..................... = 1.13353

Minimum number of terms in the FMM expansion. = 8

Exterior domain problem

Harmonic time factor = EXP(-i*omega*t)

methodSolver_  = 0: CGS iterative solver
methodPreconditioner_ = 0: incomplete LU-decomposition preconditioner

 No.   Freq.   Lambda/L_BE_Mesh  Lambda/L_Element
  1    1250     0.244319           41.1338
  2    2500      0.12216           20.5669
  3    5000    0.0610798           10.2834




>> S T E P   N U M B E R   A N D   F R E Q U E N C Y <<

Step 3, Frequency = 5000 Hz

Direct multilevel fast multipole BEM

Number of equations = 30902

Informations about clusters:
   Level    Num. of clusters    Maximum radius   Minimum radius
     0           77                0.0770779         0.027602
     1          284                0.0573493         0.027602
 resu. nets    1225                     0              0


Informations about the FMM expansion:
   Level    N. expa. terms    N. p. theta    N. p. phi    N. p. sphere
     0          16              16              32           512
     1          12              12              24           288

Nonzeros of the near field matrix ..................... = 64774434
Nonzeros of the T-matrix .............................. = 24721600
    Nonzeros of T_lev_0 ............................... = 15821824
    Nonzeros of T_lev_1 ............................... = 8899776
Nonzeros of the D-matrices ............................ = 3801536
    Nonzeros of D_lev_0 ............................... = 2723840
    Nonzeros of D_lev_1 ............................... = 1077696
Nonzeros of the S-matrix .............................. = 24721600
    Nonzeros of S_lev_0 ............................... = 15821824
    Nonzeros of S_lev_1 ............................... = 8899776
Sum of nonzeros of the FMBEM matrices ................. = 118019170

CGS solver: number of iterations = 51, relative error = 5.43646e-10

Time Statistic For The Current Step (In Second)

Assembling the equation system         : 160
Solving the equation system            : 53
Post processing                        : 17
Total                                  : 230



>> T I M E   S T A T I S T I C   (In   Second) <<

Input                                  : 1
Address computation                    : 0
Assembling the equation system         : 160
Solving the equation system            : 53
Post processing                        : 17
The whole job                          : 231

End time: 13/2/2023 15:21:5
